e:\cpp projects\vulkanproject\vulkanproject\x64\debug\vc143.pdb
e:\cpp projects\vulkanproject\vulkanproject\x64\debug\vc143.idb
e:\cpp projects\vulkanproject\vulkanproject\x64\debug\vulkanrenderer.obj
e:\cpp projects\vulkanproject\vulkanproject\x64\debug\timer.obj
e:\cpp projects\vulkanproject\vulkanproject\x64\debug\logger.obj
e:\cpp projects\vulkanproject\vulkanproject\x64\debug\vulkan_helper.obj
e:\cpp projects\vulkanproject\vulkanproject\x64\debug\renderer_frontend.obj
e:\cpp projects\vulkanproject\vulkanproject\x64\debug\rendererbackend.obj
e:\cpp projects\vulkanproject\vulkanproject\x64\debug\main.obj
e:\cpp projects\vulkanproject\vulkanproject\x64\debug\instance.obj
e:\cpp projects\vulkanproject\vulkanproject\x64\debug\glfw_window.obj
e:\cpp projects\vulkanproject\vulkanproject\x64\debug\frontend_helper.obj
e:\cpp projects\vulkanproject\vulkanproject\x64\debug\vulkanengine.obj
e:\cpp projects\vulkanproject\vulkanproject\x64\debug\vulkanproject.ilk
e:\cpp projects\vulkanproject\x64\debug\vulkanproject.exe
e:\cpp projects\vulkanproject\x64\debug\vulkanproject.pdb
e:\cpp projects\vulkanproject\vulkanproject\x64\debug\vulkanproject.tlog\cl.command.1.tlog
e:\cpp projects\vulkanproject\vulkanproject\x64\debug\vulkanproject.tlog\cl.read.1.tlog
e:\cpp projects\vulkanproject\vulkanproject\x64\debug\vulkanproject.tlog\cl.write.1.tlog
e:\cpp projects\vulkanproject\vulkanproject\x64\debug\vulkanproject.tlog\link.command.1.tlog
e:\cpp projects\vulkanproject\vulkanproject\x64\debug\vulkanproject.tlog\link.read.1.tlog
e:\cpp projects\vulkanproject\vulkanproject\x64\debug\vulkanproject.tlog\link.write.1.tlog
